<?xml version="1.0" encoding="UTF-8"?>
<testng-results skipped="0" failed="0" total="1" passed="1">
  <reporter-output>
  </reporter-output>
  <suite name="Default suite" duration-ms="86" started-at="2017-12-13T09:03:53Z" finished-at="2017-12-13T09:03:53Z">
    <groups>
    </groups>
    <test name="Default test" duration-ms="86" started-at="2017-12-13T09:03:53Z" finished-at="2017-12-13T09:03:53Z">
      <class name="com.li.proxy.ForumServiceTest">
        <test-method status="PASS" signature="testJdkProxy()[pri:0, instance:com.li.proxy.ForumServiceTest@46d61dc3]" name="testJdkProxy" duration-ms="74" started-at="2017-12-13T17:03:53Z" finished-at="2017-12-13T17:03:53Z">
          <reporter-output>
          </reporter-output>
        </test-method> <!-- testJdkProxy -->
      </class> <!-- com.li.proxy.ForumServiceTest -->
    </test> <!-- Default test -->
  </suite> <!-- Default suite -->
</testng-results>
